This is pdfTeX, Version 3.14159265-2.6-1.40.19 (TeX Live 2018) (preloaded format=latex 2018.4.16)  2 APR 2021 14:05
entering extended mode
 restricted \write18 enabled.
 %&-line parsing enabled.
**\

*
! Interruption.
<*> 
    
? 

Overfull \hbox (20.0pt too wide) detected at line 0
[] 
 []

(Please type a command or say `\end')
*
(Please type a command or say `\end')
*
(Please type a command or say `\end')
*\end

*\end
! TeX capacity exceeded, sorry [input stack size=5000].
\end #1->\csname end#1
                      \endcsname \@checkend {#1}\expandafter \endgroup \if@e...
<*> \end
        
If you really absolutely need more capacity,
you can ask a wizard to enlarge me.

 
Here is how much of TeX's memory you used:
 2 strings out of 492650
 95 string characters out of 6129648
 61176 words of memory out of 5000000
 3988 multiletter control sequences out of 15000+600000
 3640 words of font info for 14 fonts, out of 8000000 for 9000
 1141 hyphenation exceptions out of 8191
 5000i,0n,5000p,10b,14s stack positions out of 5000i,500n,10000p,200000b,80000s
No pages of output.
